Date: 2012-05-07 15:33:00
To: anewkirk@ana.io
From: awnstudio@gmail.com
Subject: testing
File: /home/alnewkirk/Repos/alnewkirk/Email-Sender-Server/ess_data/passed/2012/0507/20120507151849-11996-4rkx.msg
Status: Email::Sender::Success

Date: 2012-05-07 15:33:00
To: anewkirk@ana.io
From: awnstudio@gmail.com
Subject: testing
File: /home/alnewkirk/Repos/alnewkirk/Email-Sender-Server/ess_data/passed/2012/0507/20120507152052-12102-2zqz.msg
Status: Email::Sender::Success

Date: 2012-05-07 15:33:00
To: anewkirk@ana.io
From: awnstudio@gmail.com
Subject: testing
File: /home/alnewkirk/Repos/alnewkirk/Email-Sender-Server/ess_data/passed/2012/0507/20120507151943-12027-hj6x.msg
Status: Email::Sender::Success

Date: 2012-05-07 15:33:00
To: anewkirk@ana.io
From: awnstudio@gmail.com
Subject: testing
File: /home/alnewkirk/Repos/alnewkirk/Email-Sender-Server/ess_data/passed/2012/0507/20120507152017-12071-6gb6.msg
Status: Email::Sender::Success

